{"total": {"lines":{"total":454,"covered":411,"skipped":0,"pct":90.52},"statements":{"total":458,"covered":415,"skipped":0,"pct":90.61},"functions":{"total":112,"covered":102,"skipped":0,"pct":91.07},"branches":{"total":230,"covered":206,"skipped":0,"pct":89.56},"branchesTrue":{"total":0,"covered":0,"skipped":0,"pct":100}}
,"/home/runner/work/milky-tea/milky-tea/src/utils.ts": {"lines":{"total":42,"covered":42,"skipped":0,"pct":100},"functions":{"total":15,"covered":15,"skipped":0,"pct":100},"statements":{"total":43,"covered":43,"skipped":0,"pct":100},"branches":{"total":18,"covered":18,"skipped":0,"pct":100}}
,"/home/runner/work/milky-tea/milky-tea/src/client/endpoint.ts": {"lines":{"total":26,"covered":26,"skipped":0,"pct":100},"functions":{"total":8,"covered":8,"skipped":0,"pct":100},"statements":{"total":28,"covered":28,"skipped":0,"pct":100},"branches":{"total":14,"covered":14,"skipped":0,"pct":100}}
,"/home/runner/work/milky-tea/milky-tea/src/client/fetch.ts": {"lines":{"total":56,"covered":53,"skipped":0,"pct":94.64},"functions":{"total":8,"covered":7,"skipped":0,"pct":87.5},"statements":{"total":56,"covered":53,"skipped":0,"pct":94.64},"branches":{"total":57,"covered":56,"skipped":0,"pct":98.24}}
,"/home/runner/work/milky-tea/milky-tea/src/events/index.ts": {"lines":{"total":135,"covered":105,"skipped":0,"pct":77.77},"functions":{"total":23,"covered":18,"skipped":0,"pct":78.26},"statements":{"total":135,"covered":105,"skipped":0,"pct":77.77},"branches":{"total":81,"covered":66,"skipped":0,"pct":81.48}}
,"/home/runner/work/milky-tea/milky-tea/src/events/internal.ts": {"lines":{"total":117,"covered":110,"skipped":0,"pct":94.01},"functions":{"total":36,"covered":33,"skipped":0,"pct":91.66},"statements":{"total":118,"covered":111,"skipped":0,"pct":94.06},"branches":{"total":36,"covered":30,"skipped":0,"pct":83.33}}
,"/home/runner/work/milky-tea/milky-tea/src/events/source.ts": {"lines":{"total":78,"covered":75,"skipped":0,"pct":96.15},"functions":{"total":22,"covered":21,"skipped":0,"pct":95.45},"statements":{"total":78,"covered":75,"skipped":0,"pct":96.15},"branches":{"total":24,"covered":22,"skipped":0,"pct":91.66}}
}
